<?xml version="1.0" encoding="UTF-8"?>
<robot generator="Robot 3.1.2 (Python 3.6.2 on win32)" generated="20210530 18:20:23.021" rpa="false">
<suite id="s1" name="Test" source="C:\Users\pavan.gowda\git\RobotFrameworkproject\Test">
<suite id="s1-s1" name="MySecondRobot" source="C:\Users\pavan.gowda\git\RobotFrameworkproject\Test\MySecondRobot.robot">
<kw name="Log" library="BuiltIn" type="setup">
<doc>Logs the given message with the given level.</doc>
<arguments>
<arg>I am Inside Test suite Test set up</arg>
</arguments>
<msg timestamp="20210530 18:20:23.574" level="INFO">I am Inside Test suite Test set up</msg>
<status status="PASS" starttime="20210530 18:20:23.573" endtime="20210530 18:20:23.574"></status>
</kw>
<test id="s1-s1-t1" name="Myfirsttest">
<kw name="Log" library="BuiltIn" type="setup">
<doc>Logs the given message with the given level.</doc>
<arguments>
<arg>I am inside Test set up</arg>
</arguments>
<msg timestamp="20210530 18:20:23.576" level="INFO">I am inside Test set up</msg>
<status status="PASS" starttime="20210530 18:20:23.576" endtime="20210530 18:20:23.576"></status>
</kw>
<kw name="Log" library="BuiltIn">
<doc>Logs the given message with the given level.</doc>
<arguments>
<arg>Hello-world</arg>
</arguments>
<msg timestamp="20210530 18:20:23.577" level="INFO">Hello-world</msg>
<status status="PASS" starttime="20210530 18:20:23.577" endtime="20210530 18:20:23.577"></status>
</kw>
<kw name="Log" library="BuiltIn" type="teardown">
<doc>Logs the given message with the given level.</doc>
<arguments>
<arg>I am inside tear down set up</arg>
</arguments>
<msg timestamp="20210530 18:20:23.578" level="INFO">I am inside tear down set up</msg>
<status status="PASS" starttime="20210530 18:20:23.577" endtime="20210530 18:20:23.578"></status>
</kw>
<tags>
<tag>Sanity</tag>
</tags>
<status status="PASS" starttime="20210530 18:20:23.575" endtime="20210530 18:20:23.578" critical="yes"></status>
</test>
<test id="s1-s1-t2" name="Mysecondtest">
<kw name="Log" library="BuiltIn" type="setup">
<doc>Logs the given message with the given level.</doc>
<arguments>
<arg>I am inside Test set up</arg>
</arguments>
<msg timestamp="20210530 18:20:23.580" level="INFO">I am inside Test set up</msg>
<status status="PASS" starttime="20210530 18:20:23.579" endtime="20210530 18:20:23.580"></status>
</kw>
<kw name="Log" library="BuiltIn">
<doc>Logs the given message with the given level.</doc>
<arguments>
<arg>Hello-worlds</arg>
</arguments>
<msg timestamp="20210530 18:20:23.581" level="INFO">Hello-worlds</msg>
<status status="PASS" starttime="20210530 18:20:23.580" endtime="20210530 18:20:23.581"></status>
</kw>
<kw name="Log" library="BuiltIn" type="teardown">
<doc>Logs the given message with the given level.</doc>
<arguments>
<arg>I am inside tear down set up</arg>
</arguments>
<msg timestamp="20210530 18:20:23.581" level="INFO">I am inside tear down set up</msg>
<status status="PASS" starttime="20210530 18:20:23.581" endtime="20210530 18:20:23.582"></status>
</kw>
<tags>
<tag>Smoke</tag>
</tags>
<status status="PASS" starttime="20210530 18:20:23.579" endtime="20210530 18:20:23.582" critical="yes"></status>
</test>
<test id="s1-s1-t3" name="Mythirdtest">
<kw name="Log" library="BuiltIn" type="setup">
<doc>Logs the given message with the given level.</doc>
<arguments>
<arg>I am inside Test set up</arg>
</arguments>
<msg timestamp="20210530 18:20:23.583" level="INFO">I am inside Test set up</msg>
<status status="PASS" starttime="20210530 18:20:23.583" endtime="20210530 18:20:23.584"></status>
</kw>
<kw name="Log" library="BuiltIn">
<doc>Logs the given message with the given level.</doc>
<arguments>
<arg>Hello-worlds</arg>
</arguments>
<msg timestamp="20210530 18:20:23.584" level="INFO">Hello-worlds</msg>
<status status="PASS" starttime="20210530 18:20:23.584" endtime="20210530 18:20:23.584"></status>
</kw>
<kw name="Log" library="BuiltIn" type="teardown">
<doc>Logs the given message with the given level.</doc>
<arguments>
<arg>I am inside tear down set up</arg>
</arguments>
<msg timestamp="20210530 18:20:23.585" level="INFO">I am inside tear down set up</msg>
<status status="PASS" starttime="20210530 18:20:23.585" endtime="20210530 18:20:23.585"></status>
</kw>
<tags>
<tag>Sanity</tag>
</tags>
<status status="PASS" starttime="20210530 18:20:23.582" endtime="20210530 18:20:23.585" critical="yes"></status>
</test>
<test id="s1-s1-t4" name="Myfourthtest">
<kw name="Log" library="BuiltIn" type="setup">
<doc>Logs the given message with the given level.</doc>
<arguments>
<arg>I am inside Test set up</arg>
</arguments>
<msg timestamp="20210530 18:20:23.587" level="INFO">I am inside Test set up</msg>
<status status="PASS" starttime="20210530 18:20:23.587" endtime="20210530 18:20:23.588"></status>
</kw>
<kw name="Log" library="BuiltIn">
<doc>Logs the given message with the given level.</doc>
<arguments>
<arg>Hello-worlds</arg>
</arguments>
<msg timestamp="20210530 18:20:23.588" level="INFO">Hello-worlds</msg>
<status status="PASS" starttime="20210530 18:20:23.588" endtime="20210530 18:20:23.588"></status>
</kw>
<kw name="Log" library="BuiltIn" type="teardown">
<doc>Logs the given message with the given level.</doc>
<arguments>
<arg>I am inside tear down set up</arg>
</arguments>
<msg timestamp="20210530 18:20:23.589" level="INFO">I am inside tear down set up</msg>
<status status="PASS" starttime="20210530 18:20:23.589" endtime="20210530 18:20:23.589"></status>
</kw>
<tags>
<tag>Regression</tag>
</tags>
<status status="PASS" starttime="20210530 18:20:23.586" endtime="20210530 18:20:23.590" critical="yes"></status>
</test>
<kw name="Log" library="BuiltIn" type="teardown">
<doc>Logs the given message with the given level.</doc>
<arguments>
<arg>I am inside test suite tear down</arg>
</arguments>
<msg timestamp="20210530 18:20:23.591" level="INFO">I am inside test suite tear down</msg>
<status status="PASS" starttime="20210530 18:20:23.591" endtime="20210530 18:20:23.592"></status>
</kw>
<status status="PASS" starttime="20210530 18:20:23.103" endtime="20210530 18:20:23.592"></status>
</suite>
<status status="PASS" starttime="20210530 18:20:23.079" endtime="20210530 18:20:23.594"></status>
</suite>
<statistics>
<total>
<stat pass="4" fail="0">Critical Tests</stat>
<stat pass="4" fail="0">All Tests</stat>
</total>
<tag>
<stat pass="1" fail="0">Regression</stat>
<stat pass="2" fail="0">Sanity</stat>
<stat pass="1" fail="0">Smoke</stat>
</tag>
<suite>
<stat pass="4" fail="0" id="s1" name="Test">Test</stat>
<stat pass="4" fail="0" id="s1-s1" name="MySecondRobot">Test.MySecondRobot</stat>
</suite>
</statistics>
<errors>
</errors>
</robot>
