<?xml version="1.0" encoding="UTF-8"?>
<robot generator="Robot 3.1.2 (Python 3.6.2 on win32)" generated="20210530 17:42:37.976" rpa="false">
<suite id="s1" name="Test" source="C:\Users\pavan.gowda\eclipse-workspace\Test">
<suite id="s1-s1" name="MySecondRobot" source="C:\Users\pavan.gowda\eclipse-workspace\Test\MySecondRobot.robot">
<kw name="Log" library="BuiltIn" type="setup">
<doc>Logs the given message with the given level.</doc>
<arguments>
<arg>I am Inside Test suite Test set up</arg>
</arguments>
<msg timestamp="20210530 17:42:38.531" level="INFO">I am Inside Test suite Test set up</msg>
<status status="PASS" starttime="20210530 17:42:38.530" endtime="20210530 17:42:38.531"></status>
</kw>
<test id="s1-s1-t1" name="Myfirsttest">
<kw name="Log" library="BuiltIn" type="setup">
<doc>Logs the given message with the given level.</doc>
<arguments>
<arg>I am inside Test set up</arg>
</arguments>
<msg timestamp="20210530 17:42:38.532" level="INFO">I am inside Test set up</msg>
<status status="PASS" starttime="20210530 17:42:38.532" endtime="20210530 17:42:38.533"></status>
</kw>
<kw name="Log" library="BuiltIn">
<doc>Logs the given message with the given level.</doc>
<arguments>
<arg>Hello-world</arg>
</arguments>
<msg timestamp="20210530 17:42:38.533" level="INFO">Hello-world</msg>
<status status="PASS" starttime="20210530 17:42:38.533" endtime="20210530 17:42:38.534"></status>
</kw>
<kw name="Log" library="BuiltIn" type="teardown">
<doc>Logs the given message with the given level.</doc>
<arguments>
<arg>I am inside tear down set up</arg>
</arguments>
<msg timestamp="20210530 17:42:38.534" level="INFO">I am inside tear down set up</msg>
<status status="PASS" starttime="20210530 17:42:38.534" endtime="20210530 17:42:38.535"></status>
</kw>
<tags>
<tag>Sanity</tag>
</tags>
<status status="PASS" starttime="20210530 17:42:38.531" endtime="20210530 17:42:38.535" critical="yes"></status>
</test>
<test id="s1-s1-t2" name="Mysecondtest">
<kw name="Log" library="BuiltIn" type="setup">
<doc>Logs the given message with the given level.</doc>
<arguments>
<arg>I am inside Test set up</arg>
</arguments>
<msg timestamp="20210530 17:42:38.537" level="INFO">I am inside Test set up</msg>
<status status="PASS" starttime="20210530 17:42:38.536" endtime="20210530 17:42:38.537"></status>
</kw>
<kw name="Log" library="BuiltIn">
<doc>Logs the given message with the given level.</doc>
<arguments>
<arg>Hello-worlds</arg>
</arguments>
<msg timestamp="20210530 17:42:38.538" level="INFO">Hello-worlds</msg>
<status status="PASS" starttime="20210530 17:42:38.537" endtime="20210530 17:42:38.538"></status>
</kw>
<kw name="Log" library="BuiltIn" type="teardown">
<doc>Logs the given message with the given level.</doc>
<arguments>
<arg>I am inside tear down set up</arg>
</arguments>
<msg timestamp="20210530 17:42:38.539" level="INFO">I am inside tear down set up</msg>
<status status="PASS" starttime="20210530 17:42:38.539" endtime="20210530 17:42:38.539"></status>
</kw>
<tags>
<tag>Smoke</tag>
</tags>
<status status="PASS" starttime="20210530 17:42:38.536" endtime="20210530 17:42:38.539" critical="yes"></status>
</test>
<kw name="Log" library="BuiltIn" type="teardown">
<doc>Logs the given message with the given level.</doc>
<arguments>
<arg>I am inside test suite tear down</arg>
</arguments>
<msg timestamp="20210530 17:42:38.541" level="INFO">I am inside test suite tear down</msg>
<status status="PASS" starttime="20210530 17:42:38.540" endtime="20210530 17:42:38.541"></status>
</kw>
<status status="PASS" starttime="20210530 17:42:38.067" endtime="20210530 17:42:38.541"></status>
</suite>
<status status="PASS" starttime="20210530 17:42:38.034" endtime="20210530 17:42:38.543"></status>
</suite>
<statistics>
<total>
<stat pass="2" fail="0">Critical Tests</stat>
<stat pass="2" fail="0">All Tests</stat>
</total>
<tag>
<stat pass="1" fail="0">Sanity</stat>
<stat pass="1" fail="0">Smoke</stat>
</tag>
<suite>
<stat pass="2" fail="0" id="s1" name="Test">Test</stat>
<stat pass="2" fail="0" id="s1-s1" name="MySecondRobot">Test.MySecondRobot</stat>
</suite>
</statistics>
<errors>
</errors>
</robot>
